[2017-11-07 04:58:34] main.DEBUG: cache_invalidate:  {"method":"POST","url":"http://localhost/lok/git-projects/native-barn/setup/index.php/install/start","invalidateInfo":{"tags":["CONFIG"],"mode":"matchingTag"},"is_exception":false} []
[2017-11-07 04:58:34] main.DEBUG: cache_invalidate:  {"method":"POST","url":"http://localhost/lok/git-projects/native-barn/setup/index.php/install/start","invalidateInfo":{"tags":["LAYOUT_GENERAL_CACHE_TAG"],"mode":"matchingTag"},"is_exception":false} []
[2017-11-07 04:58:34] main.DEBUG: cache_invalidate:  {"method":"POST","url":"http://localhost/lok/git-projects/native-barn/setup/index.php/install/start","invalidateInfo":{"tags":["BLOCK_HTML"],"mode":"matchingTag"},"is_exception":false} []
[2017-11-07 04:58:34] main.DEBUG: cache_invalidate:  {"method":"POST","url":"http://localhost/lok/git-projects/native-barn/setup/index.php/install/start","invalidateInfo":{"tags":["COLLECTION_DATA"],"mode":"matchingTag"},"is_exception":false} []
[2017-11-07 04:58:34] main.DEBUG: cache_invalidate:  {"method":"POST","url":"http://localhost/lok/git-projects/native-barn/setup/index.php/install/start","invalidateInfo":{"tags":["REFLECTION"],"mode":"matchingTag"},"is_exception":false} []
[2017-11-07 04:58:34] main.DEBUG: cache_invalidate:  {"method":"POST","url":"http://localhost/lok/git-projects/native-barn/setup/index.php/install/start","invalidateInfo":{"tags":["DB_DDL"],"mode":"matchingTag"},"is_exception":false} []
[2017-11-07 04:58:34] main.DEBUG: cache_invalidate:  {"method":"POST","url":"http://localhost/lok/git-projects/native-barn/setup/index.php/install/start","invalidateInfo":{"tags":["EAV"],"mode":"matchingTag"},"is_exception":false} []
[2017-11-07 04:58:34] main.DEBUG: cache_invalidate:  {"method":"POST","url":"http://localhost/lok/git-projects/native-barn/setup/index.php/install/start","invalidateInfo":{"tags":["CUSTOMER_NOTIFICATION"],"mode":"matchingTag"},"is_exception":false} []
[2017-11-07 04:58:41] main.DEBUG: cache_invalidate:  {"method":"POST","url":"http://localhost/lok/git-projects/native-barn/setup/index.php/install/start","invalidateInfo":{"tags":["FPC"],"mode":"matchingTag"},"is_exception":false} []
[2017-11-07 04:58:41] main.DEBUG: cache_invalidate:  {"method":"POST","url":"http://localhost/lok/git-projects/native-barn/setup/index.php/install/start","invalidateInfo":{"tags":["INTEGRATION"],"mode":"matchingTag"},"is_exception":false} []
[2017-11-07 04:58:41] main.DEBUG: cache_invalidate:  {"method":"POST","url":"http://localhost/lok/git-projects/native-barn/setup/index.php/install/start","invalidateInfo":{"tags":["INTEGRATION_API_CONFIG"],"mode":"matchingTag"},"is_exception":false} []
[2017-11-07 04:58:41] main.DEBUG: cache_invalidate:  {"method":"POST","url":"http://localhost/lok/git-projects/native-barn/setup/index.php/install/start","invalidateInfo":{"tags":["TRANSLATE"],"mode":"matchingTag"},"is_exception":false} []
[2017-11-07 04:58:41] main.DEBUG: cache_invalidate:  {"method":"POST","url":"http://localhost/lok/git-projects/native-barn/setup/index.php/install/start","invalidateInfo":{"tags":["WEBSERVICE"],"mode":"matchingTag"},"is_exception":false} []
[2017-11-07 04:58:44] main.DEBUG: cache_invalidate:  {"method":"POST","url":"http://localhost/lok/git-projects/native-barn/setup/index.php/install/start","invalidateInfo":{"tags":["CONFIG"],"mode":"matchingTag"},"is_exception":false} []
[2017-11-07 04:58:44] main.DEBUG: cache_invalidate:  {"method":"POST","url":"http://localhost/lok/git-projects/native-barn/setup/index.php/install/start","invalidateInfo":{"tags":["LAYOUT_GENERAL_CACHE_TAG"],"mode":"matchingTag"},"is_exception":false} []
[2017-11-07 04:58:44] main.DEBUG: cache_invalidate:  {"method":"POST","url":"http://localhost/lok/git-projects/native-barn/setup/index.php/install/start","invalidateInfo":{"tags":["BLOCK_HTML"],"mode":"matchingTag"},"is_exception":false} []
[2017-11-07 04:58:44] main.DEBUG: cache_invalidate:  {"method":"POST","url":"http://localhost/lok/git-projects/native-barn/setup/index.php/install/start","invalidateInfo":{"tags":["COLLECTION_DATA"],"mode":"matchingTag"},"is_exception":false} []
[2017-11-07 04:58:44] main.DEBUG: cache_invalidate:  {"method":"POST","url":"http://localhost/lok/git-projects/native-barn/setup/index.php/install/start","invalidateInfo":{"tags":["REFLECTION"],"mode":"matchingTag"},"is_exception":false} []
[2017-11-07 04:58:44] main.DEBUG: cache_invalidate:  {"method":"POST","url":"http://localhost/lok/git-projects/native-barn/setup/index.php/install/start","invalidateInfo":{"tags":["DB_DDL"],"mode":"matchingTag"},"is_exception":false} []
[2017-11-07 04:58:44] main.DEBUG: cache_invalidate:  {"method":"POST","url":"http://localhost/lok/git-projects/native-barn/setup/index.php/install/start","invalidateInfo":{"tags":["EAV"],"mode":"matchingTag"},"is_exception":false} []
[2017-11-07 04:58:44] main.DEBUG: cache_invalidate:  {"method":"POST","url":"http://localhost/lok/git-projects/native-barn/setup/index.php/install/start","invalidateInfo":{"tags":["CUSTOMER_NOTIFICATION"],"mode":"matchingTag"},"is_exception":false} []
[2017-11-07 04:58:44] main.DEBUG: cache_invalidate:  {"method":"POST","url":"http://localhost/lok/git-projects/native-barn/setup/index.php/install/start","invalidateInfo":{"tags":["FPC"],"mode":"matchingTag"},"is_exception":false} []
[2017-11-07 04:58:44] main.DEBUG: cache_invalidate:  {"method":"POST","url":"http://localhost/lok/git-projects/native-barn/setup/index.php/install/start","invalidateInfo":{"tags":["INTEGRATION"],"mode":"matchingTag"},"is_exception":false} []
[2017-11-07 04:58:44] main.DEBUG: cache_invalidate:  {"method":"POST","url":"http://localhost/lok/git-projects/native-barn/setup/index.php/install/start","invalidateInfo":{"tags":["INTEGRATION_API_CONFIG"],"mode":"matchingTag"},"is_exception":false} []
[2017-11-07 04:58:44] main.DEBUG: cache_invalidate:  {"method":"POST","url":"http://localhost/lok/git-projects/native-barn/setup/index.php/install/start","invalidateInfo":{"tags":["TRANSLATE"],"mode":"matchingTag"},"is_exception":false} []
[2017-11-07 04:58:44] main.DEBUG: cache_invalidate:  {"method":"POST","url":"http://localhost/lok/git-projects/native-barn/setup/index.php/install/start","invalidateInfo":{"tags":["WEBSERVICE"],"mode":"matchingTag"},"is_exception":false} []
[2017-11-07 04:58:50] main.DEBUG: cache_invalidate:  {"method":"POST","url":"http://localhost/lok/git-projects/native-barn/setup/index.php/install/progress","invalidateInfo":{"tags":["interception","CONFIG"],"mode":"matchingTag"},"is_exception":false} []
[2017-11-07 04:58:50] main.DEBUG: cache_invalidate:  {"method":"GET","url":"http://localhost/lok/git-projects/native-barn/setup/index.php/success","invalidateInfo":{"tags":["interception","CONFIG"],"mode":"matchingTag"},"is_exception":false} []
[2017-11-07 05:04:25] main.DEBUG: cache_invalidate:  {"method":"POST","url":"http://localhost/lok/git-projects/native-barn/admin/admin/index/index/key/8204341d4915a1e270360fdaa801be4b6cac9096edaefc3292b47aae0f543ef3/","invalidateInfo":{"tags":["BACKEND_MAINMENU"],"mode":"matchingAnyTag"},"is_exception":false} []
