[2017-11-07 10:27:27] main.CRITICAL: exception 'PDOException' with message 'SQLSTATE[HY000] [2002] No connection could be made because the target machine actively refused it.
' in D:\xamp\htdocs\lok\git-projects\native-barn\vendor\magento\zendframework1\library\Zend\Db\Adapter\Pdo\Abstract.php:129
Stack trace:
#0 D:\xamp\htdocs\lok\git-projects\native-barn\vendor\magento\zendframework1\library\Zend\Db\Adapter\Pdo\Abstract.php(129): PDO->__construct('mysql:host=loca...', 'root', '', Array)
#1 D:\xamp\htdocs\lok\git-projects\native-barn\vendor\magento\zendframework1\library\Zend\Db\Adapter\Pdo\Mysql.php(111): Zend_Db_Adapter_Pdo_Abstract->_connect()
#2 D:\xamp\htdocs\lok\git-projects\native-barn\vendor\magento\framework\DB\Adapter\Pdo\Mysql.php(353): Zend_Db_Adapter_Pdo_Mysql->_connect()
#3 D:\xamp\htdocs\lok\git-projects\native-barn\vendor\magento\zendframework1\library\Zend\Db\Adapter\Abstract.php(460): Magento\Framework\DB\Adapter\Pdo\Mysql->_connect()
#4 D:\xamp\htdocs\lok\git-projects\native-barn\vendor\magento\zendframework1\library\Zend\Db\Adapter\Pdo\Abstract.php(238): Zend_Db_Adapter_Abstract->query('SELECT `main_ta...', Array)
#5 D:\xamp\htdocs\lok\git-projects\native-barn\vendor\magento\framework\DB\Adapter\Pdo\Mysql.php(465): Zend_Db_Adapter_Pdo_Abstract->query('SELECT `main_ta...', Array)
#6 D:\xamp\htdocs\lok\git-projects\native-barn\vendor\magento\framework\DB\Adapter\Pdo\Mysql.php(520): Magento\Framework\DB\Adapter\Pdo\Mysql->_query(Object(Magento\Framework\DB\Select), Array)
#7 D:\xamp\htdocs\lok\git-projects\native-barn\vendor\magento\zendframework1\library\Zend\Db\Adapter\Abstract.php(737): Magento\Framework\DB\Adapter\Pdo\Mysql->query(Object(Magento\Framework\DB\Select), Array)
#8 D:\xamp\htdocs\lok\git-projects\native-barn\vendor\magento\framework\Data\Collection\Db\FetchStrategy\Query.php(21): Zend_Db_Adapter_Abstract->fetchAll(Object(Magento\Framework\DB\Select), Array)
#9 D:\xamp\htdocs\lok\git-projects\native-barn\vendor\magento\framework\Data\Collection\AbstractDb.php(772): Magento\Framework\Data\Collection\Db\FetchStrategy\Query->fetchAll(Object(Magento\Framework\DB\Select), Array)
#10 D:\xamp\htdocs\lok\git-projects\native-barn\vendor\magento\framework\Data\Collection\AbstractDb.php(668): Magento\Framework\Data\Collection\AbstractDb->_fetchAll(Object(Magento\Framework\DB\Select))
#11 D:\xamp\htdocs\lok\git-projects\native-barn\vendor\magento\framework\Data\Collection\AbstractDb.php(572): Magento\Framework\Data\Collection\AbstractDb->getData()
#12 D:\xamp\htdocs\lok\git-projects\native-barn\vendor\magento\framework\Data\Collection\AbstractDb.php(557): Magento\Framework\Data\Collection\AbstractDb->loadWithFilter(false, false)
#13 D:\xamp\htdocs\lok\git-projects\native-barn\vendor\magento\framework\Data\Collection.php(820): Magento\Framework\Data\Collection\AbstractDb->load()
#14 D:\xamp\htdocs\lok\git-projects\native-barn\vendor\magento\module-config\App\Config\Source\RuntimeConfigSource.php(78): Magento\Framework\Data\Collection->getIterator()
#15 D:\xamp\htdocs\lok\git-projects\native-barn\vendor\magento\module-config\App\Config\Source\RuntimeConfigSource.php(58): Magento\Config\App\Config\Source\RuntimeConfigSource->loadConfig()
#16 D:\xamp\htdocs\lok\git-projects\native-barn\vendor\magento\framework\App\Config\ConfigSourceAggregated.php(40): Magento\Config\App\Config\Source\RuntimeConfigSource->get('')
#17 D:\xamp\htdocs\lok\git-projects\native-barn\var\generation\Magento\Framework\App\Config\ConfigSourceAggregated\Proxy.php(95): Magento\Framework\App\Config\ConfigSourceAggregated->get('')
#18 D:\xamp\htdocs\lok\git-projects\native-barn\vendor\magento\module-config\App\Config\Type\System.php(161): Magento\Framework\App\Config\ConfigSourceAggregated\Proxy->get()
#19 D:\xamp\htdocs\lok\git-projects\native-barn\vendor\magento\module-config\App\Config\Type\System.php(112): Magento\Config\App\Config\Type\System->loadConfig()
#20 D:\xamp\htdocs\lok\git-projects\native-barn\vendor\magento\framework\App\Config.php(139): Magento\Config\App\Config\Type\System->get('default/web/sec...')
#21 D:\xamp\htdocs\lok\git-projects\native-barn\vendor\magento\framework\App\Config.php(90): Magento\Framework\App\Config->get('system', 'default/web/sec...')
#22 D:\xamp\htdocs\lok\git-projects\native-barn\vendor\magento\framework\App\Config.php(103): Magento\Framework\App\Config->getValue('web/secure/use_...', 'default', NULL)
#23 D:\xamp\htdocs\lok\git-projects\native-barn\vendor\magento\module-store\Model\HeaderProvider\Hsts.php(48): Magento\Framework\App\Config->isSetFlag('web/secure/use_...')
#24 D:\xamp\htdocs\lok\git-projects\native-barn\vendor\magento\framework\App\Response\HeaderManager.php(41): Magento\Store\Model\HeaderProvider\Hsts->canApply()
#25 D:\xamp\htdocs\lok\git-projects\native-barn\vendor\magento\framework\Interception\Interceptor.php(123): Magento\Framework\App\Response\HeaderManager->beforeSendResponse(Object(Magento\Framework\App\Response\Http\Interceptor))
#26 D:\xamp\htdocs\lok\git-projects\native-barn\var\generation\Magento\Framework\App\Response\Http\Interceptor.php(117): Magento\Framework\App\Response\Http\Interceptor->___callPlugins('sendResponse', Array, Array)
#27 D:\xamp\htdocs\lok\git-projects\native-barn\pub\errors\report.php(15): Magento\Framework\App\Response\Http\Interceptor->sendResponse()
#28 D:\xamp\htdocs\lok\git-projects\native-barn\vendor\magento\framework\App\Http.php(324): require('D:\\xamp\\htdocs\\...')
#29 D:\xamp\htdocs\lok\git-projects\native-barn\vendor\magento\framework\App\Http.php(160): Magento\Framework\App\Http->handleGenericReport(Object(Magento\Framework\App\Bootstrap), Object(Zend_Db_Adapter_Exception))
#30 D:\xamp\htdocs\lok\git-projects\native-barn\vendor\magento\framework\App\Bootstrap.php(263): Magento\Framework\App\Http->catchException(Object(Magento\Framework\App\Bootstrap), Object(Zend_Db_Adapter_Exception))
#31 D:\xamp\htdocs\lok\git-projects\native-barn\index.php(43): Magento\Framework\App\Bootstrap->run(Object(Magento\Framework\App\Http))
#32 {main}

Next exception 'Zend_Db_Adapter_Exception' with message 'SQLSTATE[HY000] [2002] No connection could be made because the target machine actively refused it.
' in D:\xamp\htdocs\lok\git-projects\native-barn\vendor\magento\zendframework1\library\Zend\Db\Adapter\Pdo\Abstract.php:144
Stack trace:
#0 D:\xamp\htdocs\lok\git-projects\native-barn\vendor\magento\zendframework1\library\Zend\Db\Adapter\Pdo\Mysql.php(111): Zend_Db_Adapter_Pdo_Abstract->_connect()
#1 D:\xamp\htdocs\lok\git-projects\native-barn\vendor\magento\framework\DB\Adapter\Pdo\Mysql.php(353): Zend_Db_Adapter_Pdo_Mysql->_connect()
#2 D:\xamp\htdocs\lok\git-projects\native-barn\vendor\magento\zendframework1\library\Zend\Db\Adapter\Abstract.php(460): Magento\Framework\DB\Adapter\Pdo\Mysql->_connect()
#3 D:\xamp\htdocs\lok\git-projects\native-barn\vendor\magento\zendframework1\library\Zend\Db\Adapter\Pdo\Abstract.php(238): Zend_Db_Adapter_Abstract->query('SELECT `main_ta...', Array)
#4 D:\xamp\htdocs\lok\git-projects\native-barn\vendor\magento\framework\DB\Adapter\Pdo\Mysql.php(465): Zend_Db_Adapter_Pdo_Abstract->query('SELECT `main_ta...', Array)
#5 D:\xamp\htdocs\lok\git-projects\native-barn\vendor\magento\framework\DB\Adapter\Pdo\Mysql.php(520): Magento\Framework\DB\Adapter\Pdo\Mysql->_query(Object(Magento\Framework\DB\Select), Array)
#6 D:\xamp\htdocs\lok\git-projects\native-barn\vendor\magento\zendframework1\library\Zend\Db\Adapter\Abstract.php(737): Magento\Framework\DB\Adapter\Pdo\Mysql->query(Object(Magento\Framework\DB\Select), Array)
#7 D:\xamp\htdocs\lok\git-projects\native-barn\vendor\magento\framework\Data\Collection\Db\FetchStrategy\Query.php(21): Zend_Db_Adapter_Abstract->fetchAll(Object(Magento\Framework\DB\Select), Array)
#8 D:\xamp\htdocs\lok\git-projects\native-barn\vendor\magento\framework\Data\Collection\AbstractDb.php(772): Magento\Framework\Data\Collection\Db\FetchStrategy\Query->fetchAll(Object(Magento\Framework\DB\Select), Array)
#9 D:\xamp\htdocs\lok\git-projects\native-barn\vendor\magento\framework\Data\Collection\AbstractDb.php(668): Magento\Framework\Data\Collection\AbstractDb->_fetchAll(Object(Magento\Framework\DB\Select))
#10 D:\xamp\htdocs\lok\git-projects\native-barn\vendor\magento\framework\Data\Collection\AbstractDb.php(572): Magento\Framework\Data\Collection\AbstractDb->getData()
#11 D:\xamp\htdocs\lok\git-projects\native-barn\vendor\magento\framework\Data\Collection\AbstractDb.php(557): Magento\Framework\Data\Collection\AbstractDb->loadWithFilter(false, false)
#12 D:\xamp\htdocs\lok\git-projects\native-barn\vendor\magento\framework\Data\Collection.php(820): Magento\Framework\Data\Collection\AbstractDb->load()
#13 D:\xamp\htdocs\lok\git-projects\native-barn\vendor\magento\module-config\App\Config\Source\RuntimeConfigSource.php(78): Magento\Framework\Data\Collection->getIterator()
#14 D:\xamp\htdocs\lok\git-projects\native-barn\vendor\magento\module-config\App\Config\Source\RuntimeConfigSource.php(58): Magento\Config\App\Config\Source\RuntimeConfigSource->loadConfig()
#15 D:\xamp\htdocs\lok\git-projects\native-barn\vendor\magento\framework\App\Config\ConfigSourceAggregated.php(40): Magento\Config\App\Config\Source\RuntimeConfigSource->get('')
#16 D:\xamp\htdocs\lok\git-projects\native-barn\var\generation\Magento\Framework\App\Config\ConfigSourceAggregated\Proxy.php(95): Magento\Framework\App\Config\ConfigSourceAggregated->get('')
#17 D:\xamp\htdocs\lok\git-projects\native-barn\vendor\magento\module-config\App\Config\Type\System.php(161): Magento\Framework\App\Config\ConfigSourceAggregated\Proxy->get()
#18 D:\xamp\htdocs\lok\git-projects\native-barn\vendor\magento\module-config\App\Config\Type\System.php(112): Magento\Config\App\Config\Type\System->loadConfig()
#19 D:\xamp\htdocs\lok\git-projects\native-barn\vendor\magento\framework\App\Config.php(139): Magento\Config\App\Config\Type\System->get('default/web/sec...')
#20 D:\xamp\htdocs\lok\git-projects\native-barn\vendor\magento\framework\App\Config.php(90): Magento\Framework\App\Config->get('system', 'default/web/sec...')
#21 D:\xamp\htdocs\lok\git-projects\native-barn\vendor\magento\framework\App\Config.php(103): Magento\Framework\App\Config->getValue('web/secure/use_...', 'default', NULL)
#22 D:\xamp\htdocs\lok\git-projects\native-barn\vendor\magento\module-store\Model\HeaderProvider\Hsts.php(48): Magento\Framework\App\Config->isSetFlag('web/secure/use_...')
#23 D:\xamp\htdocs\lok\git-projects\native-barn\vendor\magento\framework\App\Response\HeaderManager.php(41): Magento\Store\Model\HeaderProvider\Hsts->canApply()
#24 D:\xamp\htdocs\lok\git-projects\native-barn\vendor\magento\framework\Interception\Interceptor.php(123): Magento\Framework\App\Response\HeaderManager->beforeSendResponse(Object(Magento\Framework\App\Response\Http\Interceptor))
#25 D:\xamp\htdocs\lok\git-projects\native-barn\var\generation\Magento\Framework\App\Response\Http\Interceptor.php(117): Magento\Framework\App\Response\Http\Interceptor->___callPlugins('sendResponse', Array, Array)
#26 D:\xamp\htdocs\lok\git-projects\native-barn\pub\errors\report.php(15): Magento\Framework\App\Response\Http\Interceptor->sendResponse()
#27 D:\xamp\htdocs\lok\git-projects\native-barn\vendor\magento\framework\App\Http.php(324): require('D:\\xamp\\htdocs\\...')
#28 D:\xamp\htdocs\lok\git-projects\native-barn\vendor\magento\framework\App\Http.php(160): Magento\Framework\App\Http->handleGenericReport(Object(Magento\Framework\App\Bootstrap), Object(Zend_Db_Adapter_Exception))
#29 D:\xamp\htdocs\lok\git-projects\native-barn\vendor\magento\framework\App\Bootstrap.php(263): Magento\Framework\App\Http->catchException(Object(Magento\Framework\App\Bootstrap), Object(Zend_Db_Adapter_Exception))
#30 D:\xamp\htdocs\lok\git-projects\native-barn\index.php(43): Magento\Framework\App\Bootstrap->run(Object(Magento\Framework\App\Http))
#31 {main} [] []
[2017-11-07 10:27:36] main.CRITICAL: exception 'PDOException' with message 'SQLSTATE[HY000] [2002] No connection could be made because the target machine actively refused it.
' in D:\xamp\htdocs\lok\git-projects\native-barn\vendor\magento\zendframework1\library\Zend\Db\Adapter\Pdo\Abstract.php:129
Stack trace:
#0 D:\xamp\htdocs\lok\git-projects\native-barn\vendor\magento\zendframework1\library\Zend\Db\Adapter\Pdo\Abstract.php(129): PDO->__construct('mysql:host=loca...', 'root', '', Array)
#1 D:\xamp\htdocs\lok\git-projects\native-barn\vendor\magento\zendframework1\library\Zend\Db\Adapter\Pdo\Mysql.php(111): Zend_Db_Adapter_Pdo_Abstract->_connect()
#2 D:\xamp\htdocs\lok\git-projects\native-barn\vendor\magento\framework\DB\Adapter\Pdo\Mysql.php(353): Zend_Db_Adapter_Pdo_Mysql->_connect()
#3 D:\xamp\htdocs\lok\git-projects\native-barn\vendor\magento\zendframework1\library\Zend\Db\Adapter\Abstract.php(460): Magento\Framework\DB\Adapter\Pdo\Mysql->_connect()
#4 D:\xamp\htdocs\lok\git-projects\native-barn\vendor\magento\zendframework1\library\Zend\Db\Adapter\Pdo\Abstract.php(238): Zend_Db_Adapter_Abstract->query('SELECT `main_ta...', Array)
#5 D:\xamp\htdocs\lok\git-projects\native-barn\vendor\magento\framework\DB\Adapter\Pdo\Mysql.php(465): Zend_Db_Adapter_Pdo_Abstract->query('SELECT `main_ta...', Array)
#6 D:\xamp\htdocs\lok\git-projects\native-barn\vendor\magento\framework\DB\Adapter\Pdo\Mysql.php(520): Magento\Framework\DB\Adapter\Pdo\Mysql->_query(Object(Magento\Framework\DB\Select), Array)
#7 D:\xamp\htdocs\lok\git-projects\native-barn\vendor\magento\zendframework1\library\Zend\Db\Adapter\Abstract.php(737): Magento\Framework\DB\Adapter\Pdo\Mysql->query(Object(Magento\Framework\DB\Select), Array)
#8 D:\xamp\htdocs\lok\git-projects\native-barn\vendor\magento\framework\Data\Collection\Db\FetchStrategy\Query.php(21): Zend_Db_Adapter_Abstract->fetchAll(Object(Magento\Framework\DB\Select), Array)
#9 D:\xamp\htdocs\lok\git-projects\native-barn\vendor\magento\framework\Data\Collection\AbstractDb.php(772): Magento\Framework\Data\Collection\Db\FetchStrategy\Query->fetchAll(Object(Magento\Framework\DB\Select), Array)
#10 D:\xamp\htdocs\lok\git-projects\native-barn\vendor\magento\framework\Data\Collection\AbstractDb.php(668): Magento\Framework\Data\Collection\AbstractDb->_fetchAll(Object(Magento\Framework\DB\Select))
#11 D:\xamp\htdocs\lok\git-projects\native-barn\vendor\magento\framework\Data\Collection\AbstractDb.php(572): Magento\Framework\Data\Collection\AbstractDb->getData()
#12 D:\xamp\htdocs\lok\git-projects\native-barn\vendor\magento\framework\Data\Collection\AbstractDb.php(557): Magento\Framework\Data\Collection\AbstractDb->loadWithFilter(false, false)
#13 D:\xamp\htdocs\lok\git-projects\native-barn\vendor\magento\framework\Data\Collection.php(820): Magento\Framework\Data\Collection\AbstractDb->load()
#14 D:\xamp\htdocs\lok\git-projects\native-barn\vendor\magento\module-config\App\Config\Source\RuntimeConfigSource.php(78): Magento\Framework\Data\Collection->getIterator()
#15 D:\xamp\htdocs\lok\git-projects\native-barn\vendor\magento\module-config\App\Config\Source\RuntimeConfigSource.php(58): Magento\Config\App\Config\Source\RuntimeConfigSource->loadConfig()
#16 D:\xamp\htdocs\lok\git-projects\native-barn\vendor\magento\framework\App\Config\ConfigSourceAggregated.php(40): Magento\Config\App\Config\Source\RuntimeConfigSource->get('')
#17 D:\xamp\htdocs\lok\git-projects\native-barn\var\generation\Magento\Framework\App\Config\ConfigSourceAggregated\Proxy.php(95): Magento\Framework\App\Config\ConfigSourceAggregated->get('')
#18 D:\xamp\htdocs\lok\git-projects\native-barn\vendor\magento\module-config\App\Config\Type\System.php(161): Magento\Framework\App\Config\ConfigSourceAggregated\Proxy->get()
#19 D:\xamp\htdocs\lok\git-projects\native-barn\vendor\magento\module-config\App\Config\Type\System.php(112): Magento\Config\App\Config\Type\System->loadConfig()
#20 D:\xamp\htdocs\lok\git-projects\native-barn\vendor\magento\framework\App\Config.php(139): Magento\Config\App\Config\Type\System->get('default/web/sec...')
#21 D:\xamp\htdocs\lok\git-projects\native-barn\vendor\magento\framework\App\Config.php(90): Magento\Framework\App\Config->get('system', 'default/web/sec...')
#22 D:\xamp\htdocs\lok\git-projects\native-barn\vendor\magento\framework\App\Config.php(103): Magento\Framework\App\Config->getValue('web/secure/use_...', 'default', NULL)
#23 D:\xamp\htdocs\lok\git-projects\native-barn\vendor\magento\module-store\Model\HeaderProvider\Hsts.php(48): Magento\Framework\App\Config->isSetFlag('web/secure/use_...')
#24 D:\xamp\htdocs\lok\git-projects\native-barn\vendor\magento\framework\App\Response\HeaderManager.php(41): Magento\Store\Model\HeaderProvider\Hsts->canApply()
#25 D:\xamp\htdocs\lok\git-projects\native-barn\vendor\magento\framework\Interception\Interceptor.php(123): Magento\Framework\App\Response\HeaderManager->beforeSendResponse(Object(Magento\Framework\App\Response\Http\Interceptor))
#26 D:\xamp\htdocs\lok\git-projects\native-barn\var\generation\Magento\Framework\App\Response\Http\Interceptor.php(117): Magento\Framework\App\Response\Http\Interceptor->___callPlugins('sendResponse', Array, Array)
#27 D:\xamp\htdocs\lok\git-projects\native-barn\pub\errors\report.php(15): Magento\Framework\App\Response\Http\Interceptor->sendResponse()
#28 D:\xamp\htdocs\lok\git-projects\native-barn\vendor\magento\framework\App\Http.php(324): require('D:\\xamp\\htdocs\\...')
#29 D:\xamp\htdocs\lok\git-projects\native-barn\vendor\magento\framework\App\Http.php(160): Magento\Framework\App\Http->handleGenericReport(Object(Magento\Framework\App\Bootstrap), Object(Zend_Db_Adapter_Exception))
#30 D:\xamp\htdocs\lok\git-projects\native-barn\vendor\magento\framework\App\Bootstrap.php(263): Magento\Framework\App\Http->catchException(Object(Magento\Framework\App\Bootstrap), Object(Zend_Db_Adapter_Exception))
#31 D:\xamp\htdocs\lok\git-projects\native-barn\index.php(43): Magento\Framework\App\Bootstrap->run(Object(Magento\Framework\App\Http))
#32 {main}

Next exception 'Zend_Db_Adapter_Exception' with message 'SQLSTATE[HY000] [2002] No connection could be made because the target machine actively refused it.
' in D:\xamp\htdocs\lok\git-projects\native-barn\vendor\magento\zendframework1\library\Zend\Db\Adapter\Pdo\Abstract.php:144
Stack trace:
#0 D:\xamp\htdocs\lok\git-projects\native-barn\vendor\magento\zendframework1\library\Zend\Db\Adapter\Pdo\Mysql.php(111): Zend_Db_Adapter_Pdo_Abstract->_connect()
#1 D:\xamp\htdocs\lok\git-projects\native-barn\vendor\magento\framework\DB\Adapter\Pdo\Mysql.php(353): Zend_Db_Adapter_Pdo_Mysql->_connect()
#2 D:\xamp\htdocs\lok\git-projects\native-barn\vendor\magento\zendframework1\library\Zend\Db\Adapter\Abstract.php(460): Magento\Framework\DB\Adapter\Pdo\Mysql->_connect()
#3 D:\xamp\htdocs\lok\git-projects\native-barn\vendor\magento\zendframework1\library\Zend\Db\Adapter\Pdo\Abstract.php(238): Zend_Db_Adapter_Abstract->query('SELECT `main_ta...', Array)
#4 D:\xamp\htdocs\lok\git-projects\native-barn\vendor\magento\framework\DB\Adapter\Pdo\Mysql.php(465): Zend_Db_Adapter_Pdo_Abstract->query('SELECT `main_ta...', Array)
#5 D:\xamp\htdocs\lok\git-projects\native-barn\vendor\magento\framework\DB\Adapter\Pdo\Mysql.php(520): Magento\Framework\DB\Adapter\Pdo\Mysql->_query(Object(Magento\Framework\DB\Select), Array)
#6 D:\xamp\htdocs\lok\git-projects\native-barn\vendor\magento\zendframework1\library\Zend\Db\Adapter\Abstract.php(737): Magento\Framework\DB\Adapter\Pdo\Mysql->query(Object(Magento\Framework\DB\Select), Array)
#7 D:\xamp\htdocs\lok\git-projects\native-barn\vendor\magento\framework\Data\Collection\Db\FetchStrategy\Query.php(21): Zend_Db_Adapter_Abstract->fetchAll(Object(Magento\Framework\DB\Select), Array)
#8 D:\xamp\htdocs\lok\git-projects\native-barn\vendor\magento\framework\Data\Collection\AbstractDb.php(772): Magento\Framework\Data\Collection\Db\FetchStrategy\Query->fetchAll(Object(Magento\Framework\DB\Select), Array)
#9 D:\xamp\htdocs\lok\git-projects\native-barn\vendor\magento\framework\Data\Collection\AbstractDb.php(668): Magento\Framework\Data\Collection\AbstractDb->_fetchAll(Object(Magento\Framework\DB\Select))
#10 D:\xamp\htdocs\lok\git-projects\native-barn\vendor\magento\framework\Data\Collection\AbstractDb.php(572): Magento\Framework\Data\Collection\AbstractDb->getData()
#11 D:\xamp\htdocs\lok\git-projects\native-barn\vendor\magento\framework\Data\Collection\AbstractDb.php(557): Magento\Framework\Data\Collection\AbstractDb->loadWithFilter(false, false)
#12 D:\xamp\htdocs\lok\git-projects\native-barn\vendor\magento\framework\Data\Collection.php(820): Magento\Framework\Data\Collection\AbstractDb->load()
#13 D:\xamp\htdocs\lok\git-projects\native-barn\vendor\magento\module-config\App\Config\Source\RuntimeConfigSource.php(78): Magento\Framework\Data\Collection->getIterator()
#14 D:\xamp\htdocs\lok\git-projects\native-barn\vendor\magento\module-config\App\Config\Source\RuntimeConfigSource.php(58): Magento\Config\App\Config\Source\RuntimeConfigSource->loadConfig()
#15 D:\xamp\htdocs\lok\git-projects\native-barn\vendor\magento\framework\App\Config\ConfigSourceAggregated.php(40): Magento\Config\App\Config\Source\RuntimeConfigSource->get('')
#16 D:\xamp\htdocs\lok\git-projects\native-barn\var\generation\Magento\Framework\App\Config\ConfigSourceAggregated\Proxy.php(95): Magento\Framework\App\Config\ConfigSourceAggregated->get('')
#17 D:\xamp\htdocs\lok\git-projects\native-barn\vendor\magento\module-config\App\Config\Type\System.php(161): Magento\Framework\App\Config\ConfigSourceAggregated\Proxy->get()
#18 D:\xamp\htdocs\lok\git-projects\native-barn\vendor\magento\module-config\App\Config\Type\System.php(112): Magento\Config\App\Config\Type\System->loadConfig()
#19 D:\xamp\htdocs\lok\git-projects\native-barn\vendor\magento\framework\App\Config.php(139): Magento\Config\App\Config\Type\System->get('default/web/sec...')
#20 D:\xamp\htdocs\lok\git-projects\native-barn\vendor\magento\framework\App\Config.php(90): Magento\Framework\App\Config->get('system', 'default/web/sec...')
#21 D:\xamp\htdocs\lok\git-projects\native-barn\vendor\magento\framework\App\Config.php(103): Magento\Framework\App\Config->getValue('web/secure/use_...', 'default', NULL)
#22 D:\xamp\htdocs\lok\git-projects\native-barn\vendor\magento\module-store\Model\HeaderProvider\Hsts.php(48): Magento\Framework\App\Config->isSetFlag('web/secure/use_...')
#23 D:\xamp\htdocs\lok\git-projects\native-barn\vendor\magento\framework\App\Response\HeaderManager.php(41): Magento\Store\Model\HeaderProvider\Hsts->canApply()
#24 D:\xamp\htdocs\lok\git-projects\native-barn\vendor\magento\framework\Interception\Interceptor.php(123): Magento\Framework\App\Response\HeaderManager->beforeSendResponse(Object(Magento\Framework\App\Response\Http\Interceptor))
#25 D:\xamp\htdocs\lok\git-projects\native-barn\var\generation\Magento\Framework\App\Response\Http\Interceptor.php(117): Magento\Framework\App\Response\Http\Interceptor->___callPlugins('sendResponse', Array, Array)
#26 D:\xamp\htdocs\lok\git-projects\native-barn\pub\errors\report.php(15): Magento\Framework\App\Response\Http\Interceptor->sendResponse()
#27 D:\xamp\htdocs\lok\git-projects\native-barn\vendor\magento\framework\App\Http.php(324): require('D:\\xamp\\htdocs\\...')
#28 D:\xamp\htdocs\lok\git-projects\native-barn\vendor\magento\framework\App\Http.php(160): Magento\Framework\App\Http->handleGenericReport(Object(Magento\Framework\App\Bootstrap), Object(Zend_Db_Adapter_Exception))
#29 D:\xamp\htdocs\lok\git-projects\native-barn\vendor\magento\framework\App\Bootstrap.php(263): Magento\Framework\App\Http->catchException(Object(Magento\Framework\App\Bootstrap), Object(Zend_Db_Adapter_Exception))
#30 D:\xamp\htdocs\lok\git-projects\native-barn\index.php(43): Magento\Framework\App\Bootstrap->run(Object(Magento\Framework\App\Http))
#31 {main} [] []
[2017-11-08 05:04:04] main.CRITICAL: exception 'PDOException' with message 'SQLSTATE[HY000] [2002] No connection could be made because the target machine actively refused it.
' in D:\xamp\htdocs\lok\git-projects\native-barn\vendor\magento\zendframework1\library\Zend\Db\Adapter\Pdo\Abstract.php:129
Stack trace:
#0 D:\xamp\htdocs\lok\git-projects\native-barn\vendor\magento\zendframework1\library\Zend\Db\Adapter\Pdo\Abstract.php(129): PDO->__construct('mysql:host=loca...', 'root', '', Array)
#1 D:\xamp\htdocs\lok\git-projects\native-barn\vendor\magento\zendframework1\library\Zend\Db\Adapter\Pdo\Mysql.php(111): Zend_Db_Adapter_Pdo_Abstract->_connect()
#2 D:\xamp\htdocs\lok\git-projects\native-barn\vendor\magento\framework\DB\Adapter\Pdo\Mysql.php(353): Zend_Db_Adapter_Pdo_Mysql->_connect()
#3 D:\xamp\htdocs\lok\git-projects\native-barn\vendor\magento\zendframework1\library\Zend\Db\Adapter\Abstract.php(460): Magento\Framework\DB\Adapter\Pdo\Mysql->_connect()
#4 D:\xamp\htdocs\lok\git-projects\native-barn\vendor\magento\zendframework1\library\Zend\Db\Adapter\Pdo\Abstract.php(238): Zend_Db_Adapter_Abstract->query('SELECT `main_ta...', Array)
#5 D:\xamp\htdocs\lok\git-projects\native-barn\vendor\magento\framework\DB\Adapter\Pdo\Mysql.php(465): Zend_Db_Adapter_Pdo_Abstract->query('SELECT `main_ta...', Array)
#6 D:\xamp\htdocs\lok\git-projects\native-barn\vendor\magento\framework\DB\Adapter\Pdo\Mysql.php(520): Magento\Framework\DB\Adapter\Pdo\Mysql->_query(Object(Magento\Framework\DB\Select), Array)
#7 D:\xamp\htdocs\lok\git-projects\native-barn\vendor\magento\zendframework1\library\Zend\Db\Adapter\Abstract.php(737): Magento\Framework\DB\Adapter\Pdo\Mysql->query(Object(Magento\Framework\DB\Select), Array)
#8 D:\xamp\htdocs\lok\git-projects\native-barn\vendor\magento\framework\Data\Collection\Db\FetchStrategy\Query.php(21): Zend_Db_Adapter_Abstract->fetchAll(Object(Magento\Framework\DB\Select), Array)
#9 D:\xamp\htdocs\lok\git-projects\native-barn\vendor\magento\framework\Data\Collection\AbstractDb.php(772): Magento\Framework\Data\Collection\Db\FetchStrategy\Query->fetchAll(Object(Magento\Framework\DB\Select), Array)
#10 D:\xamp\htdocs\lok\git-projects\native-barn\vendor\magento\framework\Data\Collection\AbstractDb.php(668): Magento\Framework\Data\Collection\AbstractDb->_fetchAll(Object(Magento\Framework\DB\Select))
#11 D:\xamp\htdocs\lok\git-projects\native-barn\vendor\magento\framework\Data\Collection\AbstractDb.php(572): Magento\Framework\Data\Collection\AbstractDb->getData()
#12 D:\xamp\htdocs\lok\git-projects\native-barn\vendor\magento\framework\Data\Collection\AbstractDb.php(557): Magento\Framework\Data\Collection\AbstractDb->loadWithFilter(false, false)
#13 D:\xamp\htdocs\lok\git-projects\native-barn\vendor\magento\framework\Data\Collection.php(820): Magento\Framework\Data\Collection\AbstractDb->load()
#14 D:\xamp\htdocs\lok\git-projects\native-barn\vendor\magento\module-config\App\Config\Source\RuntimeConfigSource.php(78): Magento\Framework\Data\Collection->getIterator()
#15 D:\xamp\htdocs\lok\git-projects\native-barn\vendor\magento\module-config\App\Config\Source\RuntimeConfigSource.php(58): Magento\Config\App\Config\Source\RuntimeConfigSource->loadConfig()
#16 D:\xamp\htdocs\lok\git-projects\native-barn\vendor\magento\framework\App\Config\ConfigSourceAggregated.php(40): Magento\Config\App\Config\Source\RuntimeConfigSource->get('')
#17 D:\xamp\htdocs\lok\git-projects\native-barn\var\generation\Magento\Framework\App\Config\ConfigSourceAggregated\Proxy.php(95): Magento\Framework\App\Config\ConfigSourceAggregated->get('')
#18 D:\xamp\htdocs\lok\git-projects\native-barn\vendor\magento\module-config\App\Config\Type\System.php(161): Magento\Framework\App\Config\ConfigSourceAggregated\Proxy->get()
#19 D:\xamp\htdocs\lok\git-projects\native-barn\vendor\magento\module-config\App\Config\Type\System.php(112): Magento\Config\App\Config\Type\System->loadConfig()
#20 D:\xamp\htdocs\lok\git-projects\native-barn\vendor\magento\framework\App\Config.php(139): Magento\Config\App\Config\Type\System->get('default/web/sec...')
#21 D:\xamp\htdocs\lok\git-projects\native-barn\vendor\magento\framework\App\Config.php(90): Magento\Framework\App\Config->get('system', 'default/web/sec...')
#22 D:\xamp\htdocs\lok\git-projects\native-barn\vendor\magento\framework\App\Config.php(103): Magento\Framework\App\Config->getValue('web/secure/use_...', 'default', NULL)
#23 D:\xamp\htdocs\lok\git-projects\native-barn\vendor\magento\module-store\Model\HeaderProvider\Hsts.php(48): Magento\Framework\App\Config->isSetFlag('web/secure/use_...')
#24 D:\xamp\htdocs\lok\git-projects\native-barn\vendor\magento\framework\App\Response\HeaderManager.php(41): Magento\Store\Model\HeaderProvider\Hsts->canApply()
#25 D:\xamp\htdocs\lok\git-projects\native-barn\vendor\magento\framework\Interception\Interceptor.php(123): Magento\Framework\App\Response\HeaderManager->beforeSendResponse(Object(Magento\Framework\App\Response\Http\Interceptor))
#26 D:\xamp\htdocs\lok\git-projects\native-barn\var\generation\Magento\Framework\App\Response\Http\Interceptor.php(117): Magento\Framework\App\Response\Http\Interceptor->___callPlugins('sendResponse', Array, Array)
#27 D:\xamp\htdocs\lok\git-projects\native-barn\pub\errors\report.php(15): Magento\Framework\App\Response\Http\Interceptor->sendResponse()
#28 D:\xamp\htdocs\lok\git-projects\native-barn\vendor\magento\framework\App\Http.php(324): require('D:\\xamp\\htdocs\\...')
#29 D:\xamp\htdocs\lok\git-projects\native-barn\vendor\magento\framework\App\Http.php(160): Magento\Framework\App\Http->handleGenericReport(Object(Magento\Framework\App\Bootstrap), Object(Zend_Db_Adapter_Exception))
#30 D:\xamp\htdocs\lok\git-projects\native-barn\vendor\magento\framework\App\Bootstrap.php(263): Magento\Framework\App\Http->catchException(Object(Magento\Framework\App\Bootstrap), Object(Zend_Db_Adapter_Exception))
#31 D:\xamp\htdocs\lok\git-projects\native-barn\index.php(43): Magento\Framework\App\Bootstrap->run(Object(Magento\Framework\App\Http))
#32 {main}

Next exception 'Zend_Db_Adapter_Exception' with message 'SQLSTATE[HY000] [2002] No connection could be made because the target machine actively refused it.
' in D:\xamp\htdocs\lok\git-projects\native-barn\vendor\magento\zendframework1\library\Zend\Db\Adapter\Pdo\Abstract.php:144
Stack trace:
#0 D:\xamp\htdocs\lok\git-projects\native-barn\vendor\magento\zendframework1\library\Zend\Db\Adapter\Pdo\Mysql.php(111): Zend_Db_Adapter_Pdo_Abstract->_connect()
#1 D:\xamp\htdocs\lok\git-projects\native-barn\vendor\magento\framework\DB\Adapter\Pdo\Mysql.php(353): Zend_Db_Adapter_Pdo_Mysql->_connect()
#2 D:\xamp\htdocs\lok\git-projects\native-barn\vendor\magento\zendframework1\library\Zend\Db\Adapter\Abstract.php(460): Magento\Framework\DB\Adapter\Pdo\Mysql->_connect()
#3 D:\xamp\htdocs\lok\git-projects\native-barn\vendor\magento\zendframework1\library\Zend\Db\Adapter\Pdo\Abstract.php(238): Zend_Db_Adapter_Abstract->query('SELECT `main_ta...', Array)
#4 D:\xamp\htdocs\lok\git-projects\native-barn\vendor\magento\framework\DB\Adapter\Pdo\Mysql.php(465): Zend_Db_Adapter_Pdo_Abstract->query('SELECT `main_ta...', Array)
#5 D:\xamp\htdocs\lok\git-projects\native-barn\vendor\magento\framework\DB\Adapter\Pdo\Mysql.php(520): Magento\Framework\DB\Adapter\Pdo\Mysql->_query(Object(Magento\Framework\DB\Select), Array)
#6 D:\xamp\htdocs\lok\git-projects\native-barn\vendor\magento\zendframework1\library\Zend\Db\Adapter\Abstract.php(737): Magento\Framework\DB\Adapter\Pdo\Mysql->query(Object(Magento\Framework\DB\Select), Array)
#7 D:\xamp\htdocs\lok\git-projects\native-barn\vendor\magento\framework\Data\Collection\Db\FetchStrategy\Query.php(21): Zend_Db_Adapter_Abstract->fetchAll(Object(Magento\Framework\DB\Select), Array)
#8 D:\xamp\htdocs\lok\git-projects\native-barn\vendor\magento\framework\Data\Collection\AbstractDb.php(772): Magento\Framework\Data\Collection\Db\FetchStrategy\Query->fetchAll(Object(Magento\Framework\DB\Select), Array)
#9 D:\xamp\htdocs\lok\git-projects\native-barn\vendor\magento\framework\Data\Collection\AbstractDb.php(668): Magento\Framework\Data\Collection\AbstractDb->_fetchAll(Object(Magento\Framework\DB\Select))
#10 D:\xamp\htdocs\lok\git-projects\native-barn\vendor\magento\framework\Data\Collection\AbstractDb.php(572): Magento\Framework\Data\Collection\AbstractDb->getData()
#11 D:\xamp\htdocs\lok\git-projects\native-barn\vendor\magento\framework\Data\Collection\AbstractDb.php(557): Magento\Framework\Data\Collection\AbstractDb->loadWithFilter(false, false)
#12 D:\xamp\htdocs\lok\git-projects\native-barn\vendor\magento\framework\Data\Collection.php(820): Magento\Framework\Data\Collection\AbstractDb->load()
#13 D:\xamp\htdocs\lok\git-projects\native-barn\vendor\magento\module-config\App\Config\Source\RuntimeConfigSource.php(78): Magento\Framework\Data\Collection->getIterator()
#14 D:\xamp\htdocs\lok\git-projects\native-barn\vendor\magento\module-config\App\Config\Source\RuntimeConfigSource.php(58): Magento\Config\App\Config\Source\RuntimeConfigSource->loadConfig()
#15 D:\xamp\htdocs\lok\git-projects\native-barn\vendor\magento\framework\App\Config\ConfigSourceAggregated.php(40): Magento\Config\App\Config\Source\RuntimeConfigSource->get('')
#16 D:\xamp\htdocs\lok\git-projects\native-barn\var\generation\Magento\Framework\App\Config\ConfigSourceAggregated\Proxy.php(95): Magento\Framework\App\Config\ConfigSourceAggregated->get('')
#17 D:\xamp\htdocs\lok\git-projects\native-barn\vendor\magento\module-config\App\Config\Type\System.php(161): Magento\Framework\App\Config\ConfigSourceAggregated\Proxy->get()
#18 D:\xamp\htdocs\lok\git-projects\native-barn\vendor\magento\module-config\App\Config\Type\System.php(112): Magento\Config\App\Config\Type\System->loadConfig()
#19 D:\xamp\htdocs\lok\git-projects\native-barn\vendor\magento\framework\App\Config.php(139): Magento\Config\App\Config\Type\System->get('default/web/sec...')
#20 D:\xamp\htdocs\lok\git-projects\native-barn\vendor\magento\framework\App\Config.php(90): Magento\Framework\App\Config->get('system', 'default/web/sec...')
#21 D:\xamp\htdocs\lok\git-projects\native-barn\vendor\magento\framework\App\Config.php(103): Magento\Framework\App\Config->getValue('web/secure/use_...', 'default', NULL)
#22 D:\xamp\htdocs\lok\git-projects\native-barn\vendor\magento\module-store\Model\HeaderProvider\Hsts.php(48): Magento\Framework\App\Config->isSetFlag('web/secure/use_...')
#23 D:\xamp\htdocs\lok\git-projects\native-barn\vendor\magento\framework\App\Response\HeaderManager.php(41): Magento\Store\Model\HeaderProvider\Hsts->canApply()
#24 D:\xamp\htdocs\lok\git-projects\native-barn\vendor\magento\framework\Interception\Interceptor.php(123): Magento\Framework\App\Response\HeaderManager->beforeSendResponse(Object(Magento\Framework\App\Response\Http\Interceptor))
#25 D:\xamp\htdocs\lok\git-projects\native-barn\var\generation\Magento\Framework\App\Response\Http\Interceptor.php(117): Magento\Framework\App\Response\Http\Interceptor->___callPlugins('sendResponse', Array, Array)
#26 D:\xamp\htdocs\lok\git-projects\native-barn\pub\errors\report.php(15): Magento\Framework\App\Response\Http\Interceptor->sendResponse()
#27 D:\xamp\htdocs\lok\git-projects\native-barn\vendor\magento\framework\App\Http.php(324): require('D:\\xamp\\htdocs\\...')
#28 D:\xamp\htdocs\lok\git-projects\native-barn\vendor\magento\framework\App\Http.php(160): Magento\Framework\App\Http->handleGenericReport(Object(Magento\Framework\App\Bootstrap), Object(Zend_Db_Adapter_Exception))
#29 D:\xamp\htdocs\lok\git-projects\native-barn\vendor\magento\framework\App\Bootstrap.php(263): Magento\Framework\App\Http->catchException(Object(Magento\Framework\App\Bootstrap), Object(Zend_Db_Adapter_Exception))
#30 D:\xamp\htdocs\lok\git-projects\native-barn\index.php(43): Magento\Framework\App\Bootstrap->run(Object(Magento\Framework\App\Http))
#31 {main} [] []
